[2025-09-12 09:42:35] Email pour jean.dupont.unque@email.com (Jean Dupont)
Sujet: Vos résultats d'évaluation - 2025
Message: Bonjour Jean Dupont,

Vos résultats d'évaluation sont disponibles.
Cliquez sur ce lien pour les consulter :
http://localhost/envoie%20de%20mail/consultation_simple.php?id=jean.dupont.unque@email.com

Cordialement,
L'équipe pédagogique
---

[2025-09-12 09:45:52] Email pour jean.dupont.demo@email.com (Jean Dupont)
Sujet: Vos résultats d'évaluation - 2025
Message: Bonjour Jean Dupont,

Vos résultats d'évaluation sont disponibles.
Cliquez sur ce lien pour les consulter :
http://localhost/envoie%20de%20mail/consultation_simple.php?id=jean.dupont.demo@email.com

Cordialement,
L'équipe pédagogique
---

[2025-09-12 09:45:52] Email pour sophie.martin.demo@email.com (Sophie Martin)
Sujet: Vos résultats d'évaluation - 2025
Message: Bonjour Sophie Martin,

Vos résultats d'évaluation sont disponibles.
Cliquez sur ce lien pour les consulter :
http://localhost/envoie%20de%20mail/consultation_simple.php?id=sophie.martin.demo@email.com

Cordialement,
L'équipe pédagogique
---

[2025-09-16 09:24:04] Email pour hugo.morel@etu.univ-lyon.fr (Hugo Morel)
Sujet: Vos résultats d'évaluation - 2025
Message: Bonjour Hugo Morel,

Vos résultats d'évaluation sont disponibles.
Cliquez sur ce lien pour les consulter :
http://localhost/envoie%20de%20mail/consultation_simple.php?id=hugo.morel@etu.univ-lyon.fr

Cordialement,
L'équipe pédagogique
---

[2025-09-16 09:25:25] Email pour morit.nathanael@gmail.com (Alice Lefevre)
Sujet: Vos résultats d'évaluation - 2025
Message: Bonjour Alice Lefevre,

Vos résultats d'évaluation sont disponibles.
Cliquez sur ce lien pour les consulter :
http://localhost/envoie%20de%20mail/consultation_simple.php?id=morit.nathanael@gmail.com

Cordialement,
L'équipe pédagogique
---

[2025-09-18 15:12:38] Email pour emma.lambert@etu.univ-lyon.fr (Emma Lambert)
Sujet: Vos résultats d'évaluation - 2025
Message: Bonjour Emma Lambert,

Vos résultats d'évaluation sont disponibles.
Cliquez sur ce lien pour les consulter :
http://localhost/envoie%20de%20mail/consultation_simple.php?id=emma.lambert@etu.univ-lyon.fr

Cordialement,
L'équipe pédagogique
---

[2025-09-18 15:12:38] Email pour hugo.morel@etu.univ-lyon.fr (Hugo Morel)
Sujet: Vos résultats d'évaluation - 2025
Message: Bonjour Hugo Morel,

Vos résultats d'évaluation sont disponibles.
Cliquez sur ce lien pour les consulter :
http://localhost/envoie%20de%20mail/consultation_simple.php?id=hugo.morel@etu.univ-lyon.fr

Cordialement,
L'équipe pédagogique
---

[2025-09-24 10:17:16] Email pour sarah.chevalier@etu.univ-lyon.fr (Sarah Chevalier)
Sujet: Vos résultats d'évaluation - 2025
Message: Bonjour Sarah Chevalier,

Vos résultats d'évaluation sont disponibles.
Cliquez sur ce lien pour les consulter :
http://localhost/envoie%20de%20mail/consultation_simple.php?id=sarah.chevalier@etu.univ-lyon.fr

Cordialement,
L'équipe pédagogique
---

[2025-09-25 08:49:11] Email pour sarah.chevalier@etu.univ-lyon.fr (Sarah Chevalier)
Sujet: Vos résultats d'évaluation - 2025
Message: Bonjour Sarah Chevalier,

Vos résultats d'évaluation sont disponibles.
Cliquez sur ce lien pour les consulter :
http://localhost/envoie%20de%20mail/consultation_simple.php?id=sarah.chevalier@etu.univ-lyon.fr

Cordialement,
L'équipe pédagogique
---

[2025-09-25 08:54:15] Email pour emma.lambert@etu.univ-lyon.fr (Emma Lambert)
Sujet: Vos résultats d'évaluation - 2025
Message: Bonjour Emma Lambert,

Vos résultats d'évaluation sont disponibles.
Cliquez sur ce lien pour les consulter :
http://localhost/envoie%20de%20mail/consultation_simple.php?id=emma.lambert@etu.univ-lyon.fr

Cordialement,
L'équipe pédagogique
---

[2025-09-25 09:00:39] Email envoyé à alice.lefevre@etu.univ-lyon.fr (Alice Lefevre)
Sujet: Vos résultats d'évaluation - 2025
Bonjour Alice Lefevre,

Vos résultats d'évaluation sont disponibles.
Cliquez sur ce lien pour les consulter :
http://localhost/envoie%20de%20mail/consultation_simple.php?id=alice.lefevre%40etu.univ-lyon.fr

Cordialement,
L'équipe pédagogique
---

[2025-09-25 09:42:56] Email envoyé à hugo.morel@etu.univ-lyon.fr (Hugo Morel)
Sujet: Vos résultats d'évaluation - 2025
Bonjour Hugo Morel,

Vos résultats d'évaluation sont disponibles.
Cliquez sur ce lien pour les consulter :
https://localhost/projet_sql/back/Partie3.4/consultation_simple.php?token=eyJpZCI6IjMiLCJleHAiOjE3NTkzOTA5NzV9.376cd03009a7a81883458eaf03df9e171c56378e27740614801d736e98926a09
Ce lien expirera dans 7 jours.

Cordialement,
L'équipe pédagogique
---

[2025-09-25 09:50:56] Email envoyé à sarah.chevalier@etu.univ-lyon.fr (Sarah Chevalier)
Sujet: Vos résultats d'évaluation - 2025
Bonjour Sarah Chevalier,

Vos résultats d'évaluation sont disponibles.
Cliquez sur ce lien pour les consulter :
https://localhost/projet_sql/back/Partie3.4/consultation_simple.php?token=eyJpZCI6IjYiLCJleHAiOjE3NTkzOTE0NTV9.bcd10406eadafd86e97db601bde7fab0242289d9ddc04ce0c2c5a553a2ec0a0c
Ce lien expirera dans 7 jours.

Cordialement,
L'équipe pédagogique
---

[2025-09-25 09:50:57] Email envoyé à emma.lambert@etu.univ-lyon.fr (Emma Lambert)
Sujet: Vos résultats d'évaluation - 2025
Bonjour Emma Lambert,

Vos résultats d'évaluation sont disponibles.
Cliquez sur ce lien pour les consulter :
https://localhost/projet_sql/back/Partie3.4/consultation_simple.php?token=eyJpZCI6IjQiLCJleHAiOjE3NTkzOTE0NTZ9.926a2e7ebaae22dc3c23fab6ed1adc70113304794ae5acd4ee05156402cf63c4
Ce lien expirera dans 7 jours.

Cordialement,
L'équipe pédagogique
---

[2025-09-25 09:50:59] Email envoyé à alice.lefevre@etu.univ-lyon.fr (Alice Lefevre)
Sujet: Vos résultats d'évaluation - 2025
Bonjour Alice Lefevre,

Vos résultats d'évaluation sont disponibles.
Cliquez sur ce lien pour les consulter :
https://localhost/projet_sql/back/Partie3.4/consultation_simple.php?token=eyJpZCI6IjIiLCJleHAiOjE3NTkzOTE0NTh9.532bb4d0fb0099fdb221dd4ce86a5a8013a35039c1e7c67a5f715592bf86fb8f
Ce lien expirera dans 7 jours.

Cordialement,
L'équipe pédagogique
---

[2025-09-25 09:51:00] Email envoyé à hugo.morel@etu.univ-lyon.fr (Hugo Morel)
Sujet: Vos résultats d'évaluation - 2025
Bonjour Hugo Morel,

Vos résultats d'évaluation sont disponibles.
Cliquez sur ce lien pour les consulter :
https://localhost/projet_sql/back/Partie3.4/consultation_simple.php?token=eyJpZCI6IjMiLCJleHAiOjE3NTkzOTE0NTl9.1437e977db9ff6db538a93dce9b5020c499fd6a0b3344c16eccab32b8e1ecee1
Ce lien expirera dans 7 jours.

Cordialement,
L'équipe pédagogique
---

[2025-09-26 15:11:01] Email envoyé à sarah.chevalier@etu.univ-lyon.fr (Sarah Chevalier)
Sujet: Vos résultats d'évaluation - 2025
Bonjour Sarah Chevalier,

Vos résultats d'évaluation sont disponibles.
Cliquez sur ce lien pour les consulter :
https://localhost/projet_sql/back/Partie3.4/consultation_simple.php?token=eyJpZCI6IjYiLCJleHAiOjE3NTk0OTcwNjB9.2bf308a191ffd0bbd42b7f967106441d320662c24d03b334c5d56ba67e12216b
Ce lien expirera dans 7 jours.

Cordialement,
L'équipe pédagogique
---

[2025-09-26 15:11:08] Email envoyé à emma.lambert@etu.univ-lyon.fr (Emma Lambert)
Sujet: Vos résultats d'évaluation - 2025
Bonjour Emma Lambert,

Vos résultats d'évaluation sont disponibles.
Cliquez sur ce lien pour les consulter :
https://localhost/projet_sql/back/Partie3.4/consultation_simple.php?token=eyJpZCI6IjQiLCJleHAiOjE3NTk0OTcwNjF9.e0a550f5abe3752c0826d8f78842b9c979601bd8cf71c654ab539dac2c9c576f
Ce lien expirera dans 7 jours.

Cordialement,
L'équipe pédagogique
---

[2025-09-26 15:11:10] Email envoyé à alice.lefevre@etu.univ-lyon.fr (Alice Lefevre)
Sujet: Vos résultats d'évaluation - 2025
Bonjour Alice Lefevre,

Vos résultats d'évaluation sont disponibles.
Cliquez sur ce lien pour les consulter :
https://localhost/projet_sql/back/Partie3.4/consultation_simple.php?token=eyJpZCI6IjIiLCJleHAiOjE3NTk0OTcwNjh9.a239e7f087005501924e1089fd2d7028361c45f1ef1f80b4b47af53598f36190
Ce lien expirera dans 7 jours.

Cordialement,
L'équipe pédagogique
---

[2025-09-26 15:11:11] Email envoyé à hugo.morel@etu.univ-lyon.fr (Hugo Morel)
Sujet: Vos résultats d'évaluation - 2025
Bonjour Hugo Morel,

Vos résultats d'évaluation sont disponibles.
Cliquez sur ce lien pour les consulter :
https://localhost/projet_sql/back/Partie3.4/consultation_simple.php?token=eyJpZCI6IjMiLCJleHAiOjE3NTk0OTcwNzB9.9e3512702b26c4cd309a1b3609eadd82b3a9256f5a906b8af35cbb34056d748e
Ce lien expirera dans 7 jours.

Cordialement,
L'équipe pédagogique
---

